<?xml version="1.0" encoding="UTF-8"?>
<!-- Generated by org.testng.reporters.JUnitXMLReporter -->
<testsuite hostname="mche.local" ignored="0" name="Smoke TestCases" tests="13" failures="0" timestamp="06 Sep 2017 18:44:27 GMT" time="0.109" errors="0">
  <testcase name="Booking" time="0.012" classname="testng_Files.BeforeMethod_AfterMethod_Annotation"/>
  <testcase name="Cancel" time="0.007" classname="testng_Files.BeforeMethod_AfterMethod_Annotation"/>
  <testcase name="OpeningBrowser" time="0.001" classname="testng_Files.BeforeMethod_AfterMethod_Annotation"/>
  <testcase name="booking" time="0.002" classname="testng_Files.BeforeTest_AfterTest_Annotation"/>
  <testcase name="openingchrome" time="0.002" classname="testng_Files.BeforeTest_AfterTest_Annotation"/>
  <testcase name="Aopeningchrome" time="0.002" classname="testng_Files.Test_Annotation"/>
  <testcase name="booking" time="0.002" classname="testng_Files.Test_Annotation"/>
  <testcase name="booking" time="0.003" classname="Test_Package4.BeforeTest_AfterTest_Annotation"/>
  <testcase name="openingchrome" time="0.004" classname="Test_Package4.BeforeTest_AfterTest_Annotation"/>
  <testcase name="Aopeningchrome" time="0.002" classname="Test_Package4.Test_Annotation"/>
  <testcase name="booking" time="0.001" classname="Test_Package4.Test_Annotation"/>
  <testcase name="test1" time="0.001" classname="testng_Files.BeforeSuite_AfterSuite"/>
  <testcase name="test2" time="0.003" classname="testng_Files.BeforeSuite_AfterSuite"/>
</testsuite> <!-- Smoke TestCases -->
