<?xml version="1.0" encoding="UTF-8"?>
<testng-results skipped="0" failed="0" ignored="0" total="13" passed="13">
  <reporter-output>
  </reporter-output>
  <suite name="Automation Test" duration-ms="109" started-at="2017-09-06T18:44:26Z" finished-at="2017-09-06T18:44:27Z">
    <groups>
    </groups>
    <test name="Smoke TestCases" duration-ms="109" started-at="2017-09-06T18:44:26Z" finished-at="2017-09-06T18:44:27Z">
      <class name="Test_Package4.BeforeTest_AfterTest_Annotation">
        <test-method status="PASS" signature="booking()[pri:0, instance:Test_Package4.BeforeTest_AfterTest_Annotation@6a41eaa2]" name="booking" duration-ms="3" started-at="2017-09-07T00:14:27Z" finished-at="2017-09-07T00:14:27Z">
          <reporter-output>
          </reporter-output>
        </test-method> <!-- booking -->
        <test-method status="PASS" signature="openingchrome()[pri:0, instance:Test_Package4.BeforeTest_AfterTest_Annotation@6a41eaa2]" name="openingchrome" duration-ms="4" started-at="2017-09-07T00:14:27Z" finished-at="2017-09-07T00:14:27Z">
          <reporter-output>
          </reporter-output>
        </test-method> <!-- openingchrome -->
      </class> <!-- Test_Package4.BeforeTest_AfterTest_Annotation -->
      <class name="testng_Files.BeforeSuite_AfterSuite">
        <test-method status="PASS" signature="install()[pri:0, instance:testng_Files.BeforeSuite_AfterSuite@604ed9f0]" name="install" is-config="true" duration-ms="14" started-at="2017-09-07T00:14:26Z" finished-at="2017-09-07T00:14:26Z">
          <reporter-output>
          </reporter-output>
        </test-method> <!-- install -->
        <test-method status="PASS" signature="test1()[pri:0, instance:testng_Files.BeforeSuite_AfterSuite@604ed9f0]" name="test1" duration-ms="1" started-at="2017-09-07T00:14:27Z" finished-at="2017-09-07T00:14:27Z">
          <reporter-output>
          </reporter-output>
        </test-method> <!-- test1 -->
        <test-method status="PASS" signature="test2()[pri:0, instance:testng_Files.BeforeSuite_AfterSuite@604ed9f0]" name="test2" duration-ms="3" started-at="2017-09-07T00:14:27Z" finished-at="2017-09-07T00:14:27Z">
          <reporter-output>
          </reporter-output>
        </test-method> <!-- test2 -->
        <test-method status="PASS" signature="uninstall()[pri:0, instance:testng_Files.BeforeSuite_AfterSuite@604ed9f0]" name="uninstall" is-config="true" duration-ms="4" started-at="2017-09-07T00:14:27Z" finished-at="2017-09-07T00:14:27Z">
          <reporter-output>
          </reporter-output>
        </test-method> <!-- uninstall -->
      </class> <!-- testng_Files.BeforeSuite_AfterSuite -->
      <class name="testng_Files.BeforeMethod_AfterMethod_Annotation">
        <test-method status="PASS" signature="Cookies()[pri:0, instance:testng_Files.BeforeMethod_AfterMethod_Annotation@6a4f787b]" name="Cookies" is-config="true" duration-ms="1" started-at="2017-09-07T00:14:26Z" finished-at="2017-09-07T00:14:26Z">
          <reporter-output>
          </reporter-output>
        </test-method> <!-- Cookies -->
        <test-method status="PASS" signature="run1()[pri:0, instance:Test_Package4.BeforeTest_AfterTest_Annotation@6a41eaa2]" name="run1" is-config="true" duration-ms="0" started-at="2017-09-07T00:14:26Z" finished-at="2017-09-07T00:14:26Z">
          <reporter-output>
          </reporter-output>
        </test-method> <!-- run1 -->
        <test-method status="PASS" signature="run1()[pri:0, instance:testng_Files.BeforeTest_AfterTest_Annotation@685cb137]" name="run1" is-config="true" duration-ms="0" started-at="2017-09-07T00:14:26Z" finished-at="2017-09-07T00:14:26Z">
          <reporter-output>
          </reporter-output>
        </test-method> <!-- run1 -->
        <test-method status="PASS" signature="Booking()[pri:0, instance:testng_Files.BeforeMethod_AfterMethod_Annotation@6a4f787b]" name="Booking" duration-ms="12" started-at="2017-09-07T00:14:26Z" finished-at="2017-09-07T00:14:26Z">
          <reporter-output>
          </reporter-output>
        </test-method> <!-- Booking -->
        <test-method status="PASS" signature="cleanup()[pri:0, instance:testng_Files.BeforeMethod_AfterMethod_Annotation@6a4f787b]" name="cleanup" is-config="true" duration-ms="0" started-at="2017-09-07T00:14:26Z" finished-at="2017-09-07T00:14:26Z">
          <reporter-output>
          </reporter-output>
        </test-method> <!-- cleanup -->
        <test-method status="PASS" signature="Reportadding()[pri:0, instance:testng_Files.BeforeMethod_AfterMethod_Annotation@6a4f787b]" name="Reportadding" is-config="true" duration-ms="0" started-at="2017-09-07T00:14:26Z" finished-at="2017-09-07T00:14:26Z">
          <reporter-output>
          </reporter-output>
        </test-method> <!-- Reportadding -->
        <test-method status="PASS" signature="Cancel()[pri:0, instance:testng_Files.BeforeMethod_AfterMethod_Annotation@6a4f787b]" name="Cancel" duration-ms="7" started-at="2017-09-07T00:14:26Z" finished-at="2017-09-07T00:14:26Z">
          <reporter-output>
          </reporter-output>
        </test-method> <!-- Cancel -->
        <test-method status="PASS" signature="cleanup()[pri:0, instance:testng_Files.BeforeMethod_AfterMethod_Annotation@6a4f787b]" name="cleanup" is-config="true" duration-ms="0" started-at="2017-09-07T00:14:26Z" finished-at="2017-09-07T00:14:26Z">
          <reporter-output>
          </reporter-output>
        </test-method> <!-- cleanup -->
        <test-method status="PASS" signature="Reportadding()[pri:0, instance:testng_Files.BeforeMethod_AfterMethod_Annotation@6a4f787b]" name="Reportadding" is-config="true" duration-ms="2" started-at="2017-09-07T00:14:26Z" finished-at="2017-09-07T00:14:26Z">
          <reporter-output>
          </reporter-output>
        </test-method> <!-- Reportadding -->
        <test-method status="PASS" signature="cleanup()[pri:0, instance:testng_Files.BeforeMethod_AfterMethod_Annotation@6a4f787b]" name="cleanup" is-config="true" duration-ms="0" started-at="2017-09-07T00:14:26Z" finished-at="2017-09-07T00:14:26Z">
          <reporter-output>
          </reporter-output>
        </test-method> <!-- cleanup -->
        <test-method status="PASS" signature="OpeningBrowser()[pri:0, instance:testng_Files.BeforeMethod_AfterMethod_Annotation@6a4f787b]" name="OpeningBrowser" duration-ms="1" started-at="2017-09-07T00:14:26Z" finished-at="2017-09-07T00:14:26Z">
          <reporter-output>
          </reporter-output>
        </test-method> <!-- OpeningBrowser -->
        <test-method status="PASS" signature="Reportadding()[pri:0, instance:testng_Files.BeforeMethod_AfterMethod_Annotation@6a4f787b]" name="Reportadding" is-config="true" duration-ms="0" started-at="2017-09-07T00:14:26Z" finished-at="2017-09-07T00:14:26Z">
          <reporter-output>
          </reporter-output>
        </test-method> <!-- Reportadding -->
        <test-method status="PASS" signature="run2()[pri:0, instance:Test_Package4.BeforeTest_AfterTest_Annotation@6a41eaa2]" name="run2" is-config="true" duration-ms="1" started-at="2017-09-07T00:14:27Z" finished-at="2017-09-07T00:14:27Z">
          <reporter-output>
          </reporter-output>
        </test-method> <!-- run2 -->
        <test-method status="PASS" signature="Cookiesclose()[pri:0, instance:testng_Files.BeforeMethod_AfterMethod_Annotation@6a4f787b]" name="Cookiesclose" is-config="true" duration-ms="0" started-at="2017-09-07T00:14:27Z" finished-at="2017-09-07T00:14:27Z">
          <reporter-output>
          </reporter-output>
        </test-method> <!-- Cookiesclose -->
        <test-method status="PASS" signature="run2()[pri:0, instance:testng_Files.BeforeTest_AfterTest_Annotation@685cb137]" name="run2" is-config="true" duration-ms="0" started-at="2017-09-07T00:14:27Z" finished-at="2017-09-07T00:14:27Z">
          <reporter-output>
          </reporter-output>
        </test-method> <!-- run2 -->
      </class> <!-- testng_Files.BeforeMethod_AfterMethod_Annotation -->
      <class name="Test_Package4.Test_Annotation">
        <test-method status="PASS" signature="Aopeningchrome()[pri:0, instance:Test_Package4.Test_Annotation@6d4b1c02]" name="Aopeningchrome" duration-ms="2" started-at="2017-09-07T00:14:27Z" finished-at="2017-09-07T00:14:27Z">
          <reporter-output>
          </reporter-output>
        </test-method> <!-- Aopeningchrome -->
        <test-method status="PASS" signature="booking()[pri:0, instance:Test_Package4.Test_Annotation@6d4b1c02]" name="booking" duration-ms="1" started-at="2017-09-07T00:14:27Z" finished-at="2017-09-07T00:14:27Z">
          <reporter-output>
          </reporter-output>
        </test-method> <!-- booking -->
      </class> <!-- Test_Package4.Test_Annotation -->
      <class name="testng_Files.Test_Annotation">
        <test-method status="PASS" signature="Aopeningchrome()[pri:0, instance:testng_Files.Test_Annotation@7cd62f43]" name="Aopeningchrome" duration-ms="2" started-at="2017-09-07T00:14:26Z" finished-at="2017-09-07T00:14:26Z">
          <reporter-output>
          </reporter-output>
        </test-method> <!-- Aopeningchrome -->
        <test-method status="PASS" signature="booking()[pri:0, instance:testng_Files.Test_Annotation@7cd62f43]" name="booking" duration-ms="2" started-at="2017-09-07T00:14:26Z" finished-at="2017-09-07T00:14:27Z">
          <reporter-output>
          </reporter-output>
        </test-method> <!-- booking -->
      </class> <!-- testng_Files.Test_Annotation -->
      <class name="testng_Files.BeforeTest_AfterTest_Annotation">
        <test-method status="PASS" signature="booking()[pri:0, instance:testng_Files.BeforeTest_AfterTest_Annotation@685cb137]" name="booking" duration-ms="2" started-at="2017-09-07T00:14:26Z" finished-at="2017-09-07T00:14:26Z">
          <reporter-output>
          </reporter-output>
        </test-method> <!-- booking -->
        <test-method status="PASS" signature="openingchrome()[pri:0, instance:testng_Files.BeforeTest_AfterTest_Annotation@685cb137]" name="openingchrome" duration-ms="2" started-at="2017-09-07T00:14:26Z" finished-at="2017-09-07T00:14:26Z">
          <reporter-output>
          </reporter-output>
        </test-method> <!-- openingchrome -->
      </class> <!-- testng_Files.BeforeTest_AfterTest_Annotation -->
    </test> <!-- Smoke TestCases -->
  </suite> <!-- Automation Test -->
</testng-results>
